# JRE version: OpenJDK Runtime Environment (8.0_152-b01) (build 1.8.0_152-release-1343-b01)
# Java VM: OpenJDK 64-Bit Server VM (25.152-b01 mixed mode windows-amd64 compressed oops)
Heap:
 PSYoungGen      total 300032K, used 123555K [0x00000000e0000000, 0x00000000fac00000, 0x0000000100000000)
  eden space 274944K, 44% used [0x00000000e0000000,0x00000000e78a8cd8,0x00000000f0c80000)
  from space 25088K, 0% used [0x00000000f0c80000,0x00000000f0c80000,0x00000000f2500000)
  to   space 24576K, 0% used [0x00000000f9400000,0x00000000f9400000,0x00000000fac00000)
 ParOldGen       total 183296K, used 31290K [0x00000000a0000000, 0x00000000ab300000, 0x00000000e0000000)
  object space 183296K, 17% used [0x00000000a0000000,0x00000000a1e8e8e0,0x00000000ab300000)
 Metaspace       used 61657K, capacity 63618K, committed 63832K, reserved 1103872K
  class space    used 8276K, capacity 8716K, committed 8832K, reserved 1048576K
GC Heap History (10 events):
Event: 3.130 GC heap before
{Heap before GC invocations=6 (full 1):
 PSYoungGen      total 203776K, used 75336K [0x00000000e0000000, 0x00000000f1500000, 0x0000000100000000)
  eden space 193024K, 33% used [0x00000000e0000000,0x00000000e3f149d0,0x00000000ebc80000)
  from space 10752K, 99% used [0x00000000f0a80000,0x00000000f14fd808,0x00000000f1500000)
  to   space 10752K, 0% used [0x00000000f0000000,0x00000000f0000000,0x00000000f0a80000)
 ParOldGen       total 112640K, used 13706K [0x00000000a0000000, 0x00000000a6e00000, 0x00000000e0000000)
  object space 112640K, 12% used [0x00000000a0000000,0x00000000a0d62a50,0x00000000a6e00000)
 Metaspace       used 34593K, capacity 35398K, committed 35456K, reserved 1079296K
  class space    used 4763K, capacity 4968K, committed 4992K, reserved 1048576K
Event: 3.145 GC heap after
Heap after GC invocations=6 (full 1):
 PSYoungGen      total 272896K, used 10734K [0x00000000e0000000, 0x00000000f3480000, 0x0000000100000000)
  eden space 262144K, 0% used [0x00000000e0000000,0x00000000e0000000,0x00000000f0000000)
  from space 10752K, 99% used [0x00000000f0000000,0x00000000f0a7b818,0x00000000f0a80000)
  to   space 15872K, 0% used [0x00000000f2500000,0x00000000f2500000,0x00000000f3480000)
 ParOldGen       total 112640K, used 14943K [0x00000000a0000000, 0x00000000a6e00000, 0x00000000e0000000)
  object space 112640K, 13% used [0x00000000a0000000,0x00000000a0e97c08,0x00000000a6e00000)
 Metaspace       used 34593K, capacity 35398K, committed 35456K, reserved 1079296K
  class space    used 4763K, capacity 4968K, committed 4992K, reserved 1048576K
}
Event: 3.145 GC heap before
{Heap before GC invocations=7 (full 2):
 PSYoungGen      total 272896K, used 10734K [0x00000000e0000000, 0x00000000f3480000, 0x0000000100000000)
  eden space 262144K, 0% used [0x00000000e0000000,0x00000000e0000000,0x00000000f0000000)
  from space 10752K, 99% used [0x00000000f0000000,0x00000000f0a7b818,0x00000000f0a80000)
  to   space 15872K, 0% used [0x00000000f2500000,0x00000000f2500000,0x00000000f3480000)
 ParOldGen       total 112640K, used 14943K [0x00000000a0000000, 0x00000000a6e00000, 0x00000000e0000000)
  object space 112640K, 13% used [0x00000000a0000000,0x00000000a0e97c08,0x00000000a6e00000)
 Metaspace       used 34593K, capacity 35398K, committed 35456K, reserved 1079296K
  class space    used 4763K, capacity 4968K, committed 4992K, reserved 1048576K
Event: 3.231 GC heap after
Heap after GC invocations=7 (full 2):
 PSYoungGen      total 272896K, used 0K [0x00000000e0000000, 0x00000000f3480000, 0x0000000100000000)
  eden space 262144K, 0% used [0x00000000e0000000,0x00000000e0000000,0x00000000f0000000)
  from space 10752K, 0% used [0x00000000f0000000,0x00000000f0000000,0x00000000f0a80000)
  to   space 15872K, 0% used [0x00000000f2500000,0x00000000f2500000,0x00000000f3480000)
 ParOldGen       total 183296K, used 18986K [0x00000000a0000000, 0x00000000ab300000, 0x00000000e0000000)
  object space 183296K, 10% used [0x00000000a0000000,0x00000000a128ab58,0x00000000ab300000)
 Metaspace       used 34568K, capacity 35314K, committed 35456K, reserved 1079296K
  class space    used 4755K, capacity 4954K, committed 4992K, reserved 1048576K
}
Event: 5.152 GC heap before
{Heap before GC invocations=8 (full 2):
 PSYoungGen      total 272896K, used 262144K [0x00000000e0000000, 0x00000000f3480000, 0x0000000100000000)
  eden space 262144K, 100% used [0x00000000e0000000,0x00000000f0000000,0x00000000f0000000)
  from space 10752K, 0% used [0x00000000f0000000,0x00000000f0000000,0x00000000f0a80000)
  to   space 15872K, 0% used [0x00000000f2500000,0x00000000f2500000,0x00000000f3480000)
 ParOldGen       total 183296K, used 18986K [0x00000000a0000000, 0x00000000ab300000, 0x00000000e0000000)
  object space 183296K, 10% used [0x00000000a0000000,0x00000000a128ab58,0x00000000ab300000)
 Metaspace       used 56077K, capacity 57486K, committed 57600K, reserved 1099776K
  class space    used 7492K, capacity 7874K, committed 7936K, reserved 1048576K
Event: 5.171 GC heap after
Heap after GC invocations=8 (full 2):
 PSYoungGen      total 290816K, used 15867K [0x00000000e0000000, 0x00000000f8800000, 0x0000000100000000)
  eden space 274944K, 0% used [0x00000000e0000000,0x00000000e0000000,0x00000000f0c80000)
  from space 15872K, 99% used [0x00000000f2500000,0x00000000f347ee48,0x00000000f3480000)
  to   space 25088K, 0% used [0x00000000f0c80000,0x00000000f0c80000,0x00000000f2500000)
 ParOldGen       total 183296K, used 31994K [0x00000000a0000000, 0x00000000ab300000, 0x00000000e0000000)
  object space 183296K, 17% used [0x00000000a0000000,0x00000000a1f3e8d8,0x00000000ab300000)
 Metaspace       used 56077K, capacity 57486K, committed 57600K, reserved 1099776K
  class space    used 7492K, capacity 7874K, committed 7936K, reserved 1048576K
}
Event: 5.341 GC heap before
{Heap before GC invocations=9 (full 2):
 PSYoungGen      total 290816K, used 40809K [0x00000000e0000000, 0x00000000f8800000, 0x0000000100000000)
  eden space 274944K, 9% used [0x00000000e0000000,0x00000000e185b980,0x00000000f0c80000)
  from space 15872K, 99% used [0x00000000f2500000,0x00000000f347ee48,0x00000000f3480000)
  to   space 25088K, 0% used [0x00000000f0c80000,0x00000000f0c80000,0x00000000f2500000)
 ParOldGen       total 183296K, used 31994K [0x00000000a0000000, 0x00000000ab300000, 0x00000000e0000000)
  object space 183296K, 17% used [0x00000000a0000000,0x00000000a1f3e8d8,0x00000000ab300000)
 Metaspace       used 57594K, capacity 58994K, committed 59096K, reserved 1099776K
  class space    used 7729K, capacity 8106K, committed 8192K, reserved 1048576K
Event: 5.351 GC heap after
Heap after GC invocations=9 (full 2):
 PSYoungGen      total 300032K, used 15219K [0x00000000e0000000, 0x00000000fac00000, 0x0000000100000000)
  eden space 274944K, 0% used [0x00000000e0000000,0x00000000e0000000,0x00000000f0c80000)
  from space 25088K, 60% used [0x00000000f0c80000,0x00000000f1b5ce08,0x00000000f2500000)
  to   space 24576K, 0% used [0x00000000f9400000,0x00000000f9400000,0x00000000fac00000)
 ParOldGen       total 183296K, used 32002K [0x00000000a0000000, 0x00000000ab300000, 0x00000000e0000000)
  object space 183296K, 17% used [0x00000000a0000000,0x00000000a1f408d8,0x00000000ab300000)
 Metaspace       used 57594K, capacity 58994K, committed 59096K, reserved 1099776K
  class space    used 7729K, capacity 8106K, committed 8192K, reserved 1048576K
}
Event: 5.351 GC heap before
{Heap before GC invocations=10 (full 3):
 PSYoungGen      total 300032K, used 15219K [0x00000000e0000000, 0x00000000fac00000, 0x0000000100000000)
  eden space 274944K, 0% used [0x00000000e0000000,0x00000000e0000000,0x00000000f0c80000)
  from space 25088K, 60% used [0x00000000f0c80000,0x00000000f1b5ce08,0x00000000f2500000)
  to   space 24576K, 0% used [0x00000000f9400000,0x00000000f9400000,0x00000000fac00000)
 ParOldGen       total 183296K, used 32002K [0x00000000a0000000, 0x00000000ab300000, 0x00000000e0000000)
  object space 183296K, 17% used [0x00000000a0000000,0x00000000a1f408d8,0x00000000ab300000)
 Metaspace       used 57594K, capacity 58994K, committed 59096K, reserved 1099776K
  class space    used 7729K, capacity 8106K, committed 8192K, reserved 1048576K
Event: 5.490 GC heap after
Heap after GC invocations=10 (full 3):
 PSYoungGen      total 300032K, used 0K [0x00000000e0000000, 0x00000000fac00000, 0x0000000100000000)
  eden space 274944K, 0% used [0x00000000e0000000,0x00000000e0000000,0x00000000f0c80000)
  from space 25088K, 0% used [0x00000000f0c80000,0x00000000f0c80000,0x00000000f2500000)
  to   space 24576K, 0% used [0x00000000f9400000,0x00000000f9400000,0x00000000fac00000)
 ParOldGen       total 183296K, used 31290K [0x00000000a0000000, 0x00000000ab300000, 0x00000000e0000000)
  object space 183296K, 17% used [0x00000000a0000000,0x00000000a1e8e8e0,0x00000000ab300000)
 Metaspace       used 57594K, capacity 58994K, committed 59096K, reserved 1099776K
  class space    used 7729K, capacity 8106K, committed 8192K, reserved 1048576K
}

